<?xml version="1.0" encoding="UTF-8"?>
<!-- Generated by org.testng.reporters.JUnitXMLReporter -->
<testsuite hostname="DESKTOP-8L1U83C" ignored="0" name="Test" tests="3" failures="1" timestamp="2023-02-13T11:09:38 IST" time="6.467" errors="0">
  <testcase name="logoPresence" time="0.109" classname="allurereports.Tests"/>
  <testcase name="loginTest" time="1.975" classname="allurereports.Tests">
    <failure type="java.lang.AssertionError" message="expected [nopCommerce demo store123] but found [nopCommerce demo store]">
      <![CDATA[java.lang.AssertionError: expected [nopCommerce demo store123] but found [nopCommerce demo store]
at allurereports.Tests.loginTest(Tests.java:69)
at java.util.ArrayList.forEach(ArrayList.java:1259)
... Removed 33 stack frames]]>
    </failure>
  </testcase> <!-- loginTest -->
  <testcase name="regitrationTest" time="0.005" classname="allurereports.Tests">
    <skipped/>
  </testcase> <!-- regitrationTest -->
</testsuite> <!-- Test -->
